2024-12-02 00:04:25,397 - INFO - Starting ETL process...
2024-12-02 00:04:25,397 - INFO - Processing Service_Dimension.csv for table Service_Dimension...
2024-12-02 00:04:25,447 - INFO - SUCCESS: Service_Dimension.csv loaded into Service_Dimension with 500 rows.
2024-12-02 00:04:25,447 - INFO - Processing Charity_Dimension.csv for table Charity_Dimension...
2024-12-02 00:04:25,475 - INFO - SUCCESS: Charity_Dimension.csv loaded into Charity_Dimension with 500 rows.
2024-12-02 00:04:25,476 - INFO - Processing User_Dimension.csv for table User_Dimension...
2024-12-02 00:04:25,495 - INFO - SUCCESS: User_Dimension.csv loaded into User_Dimension with 500 rows.
2024-12-02 00:04:25,495 - INFO - Processing Date_Dimension.csv for table Date_Dimension...
2024-12-02 00:04:25,522 - INFO - SUCCESS: Date_Dimension.csv loaded into Date_Dimension with 366 rows.
2024-12-02 00:04:25,522 - INFO - Processing User_Demographics_Dimension.csv for table User_Demographics_Dimension...
2024-12-02 00:04:25,545 - INFO - SUCCESS: User_Demographics_Dimension.csv loaded into User_Demographics_Dimension with 20 rows.
2024-12-02 00:04:25,545 - INFO - Processing Transaction_Type_Dimension.csv for table Transaction_Type_Dimension...
2024-12-02 00:04:25,568 - INFO - SUCCESS: Transaction_Type_Dimension.csv loaded into Transaction_Type_Dimension with 4 rows.
2024-12-02 00:04:25,568 - INFO - Processing Service_Category_Dimension.csv for table Service_Category_Dimension...
2024-12-02 00:04:25,590 - INFO - SUCCESS: Service_Category_Dimension.csv loaded into Service_Category_Dimension with 2 rows.
2024-12-02 00:04:25,590 - INFO - Processing Charity_Category_Dimension.csv for table Charity_Category_Dimension...
2024-12-02 00:04:25,613 - INFO - SUCCESS: Charity_Category_Dimension.csv loaded into Charity_Category_Dimension with 3 rows.
2024-12-02 00:04:25,613 - INFO - Processing Transaction_Fact.csv for table Transaction_Fact...
2024-12-02 00:04:25,644 - INFO - SUCCESS: Transaction_Fact.csv loaded into Transaction_Fact with 500 rows.
2024-12-02 00:04:25,645 - INFO - Generating ETL summary report...
2024-12-02 00:04:25,654 - INFO - ETL process completed. Check etl_detailed.log and etl_summary_report.html for details.
